@storybook/cli v7.3.1

info => Cleaning outputDir: C:\Users\johsve\AppData\Local\Temp\chromatic--9032-aodT4KOd2yFV
info => Loading presets
info => Building manager..
info => Manager built (798 ms)
info => Copying static files: C:\Users\johsve\Documents\designSystemStorybook\learnstorybook-design-system\node_modules\@storybook\manager\static at C:\Users\johsve\AppData\Local\Temp\chromatic--9032-aodT4KOd2yFV\sb-common-assets
[36mvite v4.3.9 [32mbuilding for production...[36m[39m

./sb-common-assets/fonts.css doesn't exist at build time, it will remain unchanged to be resolved at runtime
transforming...
node_modules/telejson/dist/index.mjs (1394:15) Use of eval in "node_modules/telejson/dist/index.mjs" is strongly discouraged as it poses security risks and may cause issues with minification.
node_modules/telejson/dist/index.mjs (1397:18) Use of eval in "node_modules/telejson/dist/index.mjs" is strongly discouraged as it poses security risks and may cause issues with minification.
[32m✓[39m 1447 modules transformed.
rendering chunks...
computing gzip size...
[2m../../../AppData/Local/Temp/chromatic--9032-aodT4KOd2yFV/[22m[32massets/youtube-9f26eb0b.svg                                                 [39m[1m[2m  0.72 kB[22m[1m[22m[2m │ gzip:   0.36 kB[22m
[2m../../../AppData/Local/Temp/chromatic--9032-aodT4KOd2yFV/[22m[32massets/tutorials-adff6365.svg                                               [39m[1m[2m  1.27 kB[22m[1m[22m[2m │ gzip:   0.63 kB[22m
[2m../../../AppData/Local/Temp/chromatic--9032-aodT4KOd2yFV/[22m[32massets/discord-f7d1b78c.svg                                                 [39m[1m[2m  2.41 kB[22m[1m[22m[2m │ gzip:   1.15 kB[22m
[2m../../../AppData/Local/Temp/chromatic--9032-aodT4KOd2yFV/[22m[32massets/github-cdfc3270.svg                                                  [39m[1m[2m  2.72 kB[22m[1m[22m[2m │ gzip:   1.28 kB[22m
[2m../../../AppData/Local/Temp/chromatic--9032-aodT4KOd2yFV/[22m[32massets/context-c612d889.png                                                 [39m[1m[2m  6.12 kB[22m[1m[22m
[2m../../../AppData/Local/Temp/chromatic--9032-aodT4KOd2yFV/[22m[32massets/styling-c83082e0.png                                                 [39m[1m[2m  7.24 kB[22m[1m[22m
[2m../../../AppData/Local/Temp/chromatic--9032-aodT4KOd2yFV/[22m[32miframe.html                                                                 [39m[1m[2m 12.75 kB[22m[1m[22m[2m │ gzip:   3.57 kB[22m
[2m../../../AppData/Local/Temp/chromatic--9032-aodT4KOd2yFV/[22m[32massets/docs-5b0c7100.png                                                    [39m[1m[2m 27.88 kB[22m[1m[22m
[2m../../../AppData/Local/Temp/chromatic--9032-aodT4KOd2yFV/[22m[32massets/share-b59d6c77.png                                                   [39m[1m[2m 40.77 kB[22m[1m[22m
[2m../../../AppData/Local/Temp/chromatic--9032-aodT4KOd2yFV/[22m[32massets/accessibility-cd6d60f7.png                                           [39m[1m[2m 42.34 kB[22m[1m[22m
[2m../../../AppData/Local/Temp/chromatic--9032-aodT4KOd2yFV/[22m[32massets/figma-plugin-b0a5ad2d.png                                            [39m[1m[2m 44.25 kB[22m[1m[22m
[2m../../../AppData/Local/Temp/chromatic--9032-aodT4KOd2yFV/[22m[32massets/theming-b6e819c3.png                                                 [39m[1m[2m 44.37 kB[22m[1m[22m
[2m../../../AppData/Local/Temp/chromatic--9032-aodT4KOd2yFV/[22m[32massets/testing-6a59f681.png                                                 [39m[1m[2m 49.31 kB[22m[1m[22m
[2m../../../AppData/Local/Temp/chromatic--9032-aodT4KOd2yFV/[22m[32massets/addon-library-bc7ba705.png                                           [39m[1m[2m467.37 kB[22m[1m[22m
[2m../../../AppData/Local/Temp/chromatic--9032-aodT4KOd2yFV/[22m[35massets/Header-a6911580.css                                                  [39m[1m[2m  0.51 kB[22m[1m[22m[2m │ gzip:   0.31 kB[22m
[2m../../../AppData/Local/Temp/chromatic--9032-aodT4KOd2yFV/[22m[35massets/Button-bc1a867b.css                                                  [39m[1m[2m  0.52 kB[22m[1m[22m[2m │ gzip:   0.29 kB[22m
[2m../../../AppData/Local/Temp/chromatic--9032-aodT4KOd2yFV/[22m[35massets/Page.stories-ece1482a.css                                            [39m[1m[2m  0.93 kB[22m[1m[22m[2m │ gzip:   0.39 kB[22m
[2m../../../AppData/Local/Temp/chromatic--9032-aodT4KOd2yFV/[22m[36massets/index-d475d2ea.js                                                    [39m[1m[2m  0.21 kB[22m[1m[22m[2m │ gzip:   0.17 kB[22m[2m │ map:     0.85 kB[22m
[2m../../../AppData/Local/Temp/chromatic--9032-aodT4KOd2yFV/[22m[36massets/index-15bf4c02.js                                                    [39m[1m[2m  0.25 kB[22m[1m[22m[2m │ gzip:   0.20 kB[22m[2m │ map:     0.10 kB[22m
[2m../../../AppData/Local/Temp/chromatic--9032-aodT4KOd2yFV/[22m[36massets/emotion-use-insertion-effect-with-fallbacks.browser.esm-a53446b2.js  [39m[1m[2m  0.28 kB[22m[1m[22m[2m │ gzip:   0.23 kB[22m[2m │ map:     1.16 kB[22m
[2m../../../AppData/Local/Temp/chromatic--9032-aodT4KOd2yFV/[22m[36massets/extends-98964cd2.js                                                  [39m[1m[2m  0.29 kB[22m[1m[22m[2m │ gzip:   0.23 kB[22m[2m │ map:     1.01 kB[22m
[2m../../../AppData/Local/Temp/chromatic--9032-aodT4KOd2yFV/[22m[36massets/chunk-MSDTXLE7-f0f04b4b.js                                           [39m[1m[2m  0.33 kB[22m[1m[22m[2m │ gzip:   0.28 kB[22m[2m │ map:     1.29 kB[22m
[2m../../../AppData/Local/Temp/chromatic--9032-aodT4KOd2yFV/[22m[36massets/index-f875e932.js                                                    [39m[1m[2m  0.53 kB[22m[1m[22m[2m │ gzip:   0.34 kB[22m[2m │ map:     4.30 kB[22m
[2m../../../AppData/Local/Temp/chromatic--9032-aodT4KOd2yFV/[22m[36massets/WithTooltip-YBG737T3-84585c9e.js                                     [39m[1m[2m  0.57 kB[22m[1m[22m[2m │ gzip:   0.33 kB[22m[2m │ map:     0.11 kB[22m
[2m../../../AppData/Local/Temp/chromatic--9032-aodT4KOd2yFV/[22m[36massets/syntaxhighlighter-4OVWVELQ-5a502400.js                               [39m[1m[2m  0.58 kB[22m[1m[22m[2m │ gzip:   0.35 kB[22m[2m │ map:     0.12 kB[22m
[2m../../../AppData/Local/Temp/chromatic--9032-aodT4KOd2yFV/[22m[36massets/react-18-2da4b609.js                                                 [39m[1m[2m  0.59 kB[22m[1m[22m[2m │ gzip:   0.38 kB[22m[2m │ map:     2.66 kB[22m
[2m../../../AppData/Local/Temp/chromatic--9032-aodT4KOd2yFV/[22m[36massets/preview-9b832c41.js                                                  [39m[1m[2m  0.62 kB[22m[1m[22m[2m │ gzip:   0.42 kB[22m[2m │ map:     1.59 kB[22m
[2m../../../AppData/Local/Temp/chromatic--9032-aodT4KOd2yFV/[22m[36massets/preview-980d6faf.js                                                  [39m[1m[2m  0.63 kB[22m[1m[22m[2m │ gzip:   0.40 kB[22m[2m │ map:     2.34 kB[22m
[2m../../../AppData/Local/Temp/chromatic--9032-aodT4KOd2yFV/[22m[36massets/preview-61471ced.js                                                  [39m[1m[2m  0.67 kB[22m[1m[22m[2m │ gzip:   0.41 kB[22m[2m │ map:     0.57 kB[22m
[2m../../../AppData/Local/Temp/chromatic--9032-aodT4KOd2yFV/[22m[36massets/preview-5ef354f3.js                                                  [39m[1m[2m  0.69 kB[22m[1m[22m[2m │ gzip:   0.49 kB[22m[2m │ map:     3.94 kB[22m
[2m../../../AppData/Local/Temp/chromatic--9032-aodT4KOd2yFV/[22m[36massets/_commonjsHelpers-042e6b4d.js                                         [39m[1m[2m  0.78 kB[22m[1m[22m[2m │ gzip:   0.44 kB[22m[2m │ map:     0.11 kB[22m
[2m../../../AppData/Local/Temp/chromatic--9032-aodT4KOd2yFV/[22m[36massets/index-356e4a49.js                                                    [39m[1m[2m  0.81 kB[22m[1m[22m[2m │ gzip:   0.51 kB[22m[2m │ map:     3.28 kB[22m
[2m../../../AppData/Local/Temp/chromatic--9032-aodT4KOd2yFV/[22m[36massets/index-1fc0ca9a.js                                                    [39m[1m[2m  0.84 kB[22m[1m[22m[2m │ gzip:   0.55 kB[22m[2m │ map:     4.15 kB[22m
[2m../../../AppData/Local/Temp/chromatic--9032-aodT4KOd2yFV/[22m[36massets/styles-969f1f37.js                                                   [39m[1m[2m  0.90 kB[22m[1m[22m[2m │ gzip:   0.55 kB[22m[2m │ map:     3.15 kB[22m
[2m../../../AppData/Local/Temp/chromatic--9032-aodT4KOd2yFV/[22m[36massets/preview-b79ea209.js                                                  [39m[1m[2m  0.90 kB[22m[1m[22m[2m │ gzip:   0.60 kB[22m[2m │ map:     2.94 kB[22m
[2m../../../AppData/Local/Temp/chromatic--9032-aodT4KOd2yFV/[22m[36massets/jsx-runtime-eae7a151.js                                              [39m[1m[2m  1.02 kB[22m[1m[22m[2m │ gzip:   0.64 kB[22m[2m │ map:     2.34 kB[22m
[2m../../../AppData/Local/Temp/chromatic--9032-aodT4KOd2yFV/[22m[36massets/Header.stories-209dcef2.js                                           [39m[1m[2m  1.06 kB[22m[1m[22m[2m │ gzip:   0.55 kB[22m[2m │ map:     0.11 kB[22m
[2m../../../AppData/Local/Temp/chromatic--9032-aodT4KOd2yFV/[22m[36massets/StoryLinkWrapper-d37dfde6.js                                         [39m[1m[2m  1.11 kB[22m[1m[22m[2m │ gzip:   0.52 kB[22m[2m │ map:     1.93 kB[22m
[2m../../../AppData/Local/Temp/chromatic--9032-aodT4KOd2yFV/[22m[36massets/animation-39146360.js                                                [39m[1m[2m  1.26 kB[22m[1m[22m[2m │ gzip:   0.44 kB[22m[2m │ map:     2.19 kB[22m
[2m../../../AppData/Local/Temp/chromatic--9032-aodT4KOd2yFV/[22m[36massets/emotion-react.browser.esm-d0a348dd.js                                [39m[1m[2m  1.31 kB[22m[1m[22m[2m │ gzip:   0.74 kB[22m[2m │ map:    16.73 kB[22m
[2m../../../AppData/Local/Temp/chromatic--9032-aodT4KOd2yFV/[22m[36massets/DocsRenderer-3PUGWF3O-d39ceac9.js                                    [39m[1m[2m  1.42 kB[22m[1m[22m[2m │ gzip:   0.77 kB[22m[2m │ map:     2.60 kB[22m
[2m../../../AppData/Local/Temp/chromatic--9032-aodT4KOd2yFV/[22m[36massets/Button-15e8031c.js                                                   [39m[1m[2m  1.51 kB[22m[1m[22m[2m │ gzip:   0.71 kB[22m[2m │ map:     2.04 kB[22m
[2m../../../AppData/Local/Temp/chromatic--9032-aodT4KOd2yFV/[22m[36massets/Button.stories-6e6328e2.js                                           [39m[1m[2m  1.71 kB[22m[1m[22m[2m │ gzip:   0.67 kB[22m[2m │ map:     0.13 kB[22m
[2m../../../AppData/Local/Temp/chromatic--9032-aodT4KOd2yFV/[22m[36massets/Header-b4a24a54.js                                                   [39m[1m[2m  1.73 kB[22m[1m[22m[2m │ gzip:   0.85 kB[22m[2m │ map:     3.17 kB[22m
[2m../../../AppData/Local/Temp/chromatic--9032-aodT4KOd2yFV/[22m[36massets/chunk-AY7I2SME-c7b6cf8a.js                                           [39m[1m[2m  1.88 kB[22m[1m[22m[2m │ gzip:   1.03 kB[22m[2m │ map:     8.92 kB[22m
[2m../../../AppData/Local/Temp/chromatic--9032-aodT4KOd2yFV/[22m[36massets/index-d37d4223.js                                                    [39m[1m[2m  2.63 kB[22m[1m[22m[2m │ gzip:   1.30 kB[22m[2m │ map:     7.48 kB[22m
[2m../../../AppData/Local/Temp/chromatic--9032-aodT4KOd2yFV/[22m[36massets/Git-DZ2D5ZUL-f3331752.js                                             [39m[1m[2m  3.06 kB[22m[1m[22m[2m │ gzip:   1.00 kB[22m[2m │ map:     7.22 kB[22m
[2m../../../AppData/Local/Temp/chromatic--9032-aodT4KOd2yFV/[22m[36massets/preview-770cc08b.js                                                  [39m[1m[2m  3.22 kB[22m[1m[22m[2m │ gzip:   1.39 kB[22m[2m │ map:    10.07 kB[22m
[2m../../../AppData/Local/Temp/chromatic--9032-aodT4KOd2yFV/[22m[36massets/Icon.stories-53ba12dd.js                                             [39m[1m[2m  3.29 kB[22m[1m[22m[2m │ gzip:   1.30 kB[22m[2m │ map:     0.14 kB[22m
[2m../../../AppData/Local/Temp/chromatic--9032-aodT4KOd2yFV/[22m[36massets/Editing-7QFB6ZMG-67d1a8b8.js                                         [39m[1m[2m  4.02 kB[22m[1m[22m[2m │ gzip:   1.12 kB[22m[2m │ map:    10.12 kB[22m
[2m../../../AppData/Local/Temp/chromatic--9032-aodT4KOd2yFV/[22m[36massets/Badge.stories-c3fdc059.js                                            [39m[1m[2m  4.97 kB[22m[1m[22m[2m │ gzip:   1.63 kB[22m[2m │ map:     2.72 kB[22m
[2m../../../AppData/Local/Temp/chromatic--9032-aodT4KOd2yFV/[22m[36massets/OS-YZ2Y4VYS-02413f20.js                                              [39m[1m[2m  5.57 kB[22m[1m[22m[2m │ gzip:   2.20 kB[22m[2m │ map:     9.94 kB[22m
[2m../../../AppData/Local/Temp/chromatic--9032-aodT4KOd2yFV/[22m[36massets/Avatar.stories-71eaef45.js                                           [39m[1m[2m  6.44 kB[22m[1m[22m[2m │ gzip:   2.16 kB[22m[2m │ map:     5.92 kB[22m
[2m../../../AppData/Local/Temp/chromatic--9032-aodT4KOd2yFV/[22m[36massets/index-c4905b50.js                                                    [39m[1m[2m  7.21 kB[22m[1m[22m[2m │ gzip:   2.95 kB[22m[2m │ map:    15.73 kB[22m
[2m../../../AppData/Local/Temp/chromatic--9032-aodT4KOd2yFV/[22m[36massets/Link.stories-ae74f1e0.js                                             [39m[1m[2m  7.41 kB[22m[1m[22m[2m │ gzip:   2.33 kB[22m[2m │ map:     6.74 kB[22m
[2m../../../AppData/Local/Temp/chromatic--9032-aodT4KOd2yFV/[22m[36massets/People-OD4EV7WZ-235afe2b.js                                          [39m[1m[2m  7.64 kB[22m[1m[22m[2m │ gzip:   2.20 kB[22m[2m │ map:    16.31 kB[22m
[2m../../../AppData/Local/Temp/chromatic--9032-aodT4KOd2yFV/[22m[36massets/preview-d8c963a4.js                                                  [39m[1m[2m  7.67 kB[22m[1m[22m[2m │ gzip:   1.60 kB[22m[2m │ map:    13.73 kB[22m
[2m../../../AppData/Local/Temp/chromatic--9032-aodT4KOd2yFV/[22m[36massets/Documents-SGWAY3KW-249ccd0a.js                                       [39m[1m[2m  8.11 kB[22m[1m[22m[2m │ gzip:   1.61 kB[22m[2m │ map:    20.07 kB[22m
[2m../../../AppData/Local/Temp/chromatic--9032-aodT4KOd2yFV/[22m[36massets/iframe-527c5956.js                                                   [39m[1m[2m  8.28 kB[22m[1m[22m[2m │ gzip:   2.10 kB[22m[2m │ map:     6.37 kB[22m
[2m../../../AppData/Local/Temp/chromatic--9032-aodT4KOd2yFV/[22m[36massets/preview-25cb0eda.js                                                  [39m[1m[2m  8.33 kB[22m[1m[22m[2m │ gzip:   3.21 kB[22m[2m │ map:    29.40 kB[22m
[2m../../../AppData/Local/Temp/chromatic--9032-aodT4KOd2yFV/[22m[36massets/polished.esm-ed3ce7df.js                                             [39m[1m[2m 10.73 kB[22m[1m[22m[2m │ gzip:   3.85 kB[22m[2m │ map:   149.40 kB[22m
[2m../../../AppData/Local/Temp/chromatic--9032-aodT4KOd2yFV/[22m[36massets/Devices-SUYACUPO-bd5406b8.js                                         [39m[1m[2m 11.12 kB[22m[1m[22m[2m │ gzip:   2.43 kB[22m[2m │ map:    24.80 kB[22m
[2m../../../AppData/Local/Temp/chromatic--9032-aodT4KOd2yFV/[22m[36massets/GlobalScrollAreaStyles-4LLX2B3H-b2b195c5.js                          [39m[1m[2m 15.17 kB[22m[1m[22m[2m │ gzip:   2.87 kB[22m[2m │ map:    21.44 kB[22m
[2m../../../AppData/Local/Temp/chromatic--9032-aodT4KOd2yFV/[22m[36massets/Logos-SJTNNI74-a3f89da3.js                                           [39m[1m[2m 15.65 kB[22m[1m[22m[2m │ gzip:   5.34 kB[22m[2m │ map:    30.02 kB[22m
[2m../../../AppData/Local/Temp/chromatic--9032-aodT4KOd2yFV/[22m[36massets/Configure-4d7c1cb9.js                                                [39m[1m[2m 17.15 kB[22m[1m[22m[2m │ gzip:   7.80 kB[22m[2m │ map:    26.80 kB[22m
[2m../../../AppData/Local/Temp/chromatic--9032-aodT4KOd2yFV/[22m[36massets/emotion-react-jsx-runtime.browser.esm-454d1af8.js                    [39m[1m[2m 17.55 kB[22m[1m[22m[2m │ gzip:   7.09 kB[22m[2m │ map:   107.40 kB[22m
[2m../../../AppData/Local/Temp/chromatic--9032-aodT4KOd2yFV/[22m[36massets/Wayfinding-BB4H7CHP-62123d01.js                                      [39m[1m[2m 19.02 kB[22m[1m[22m[2m │ gzip:   3.75 kB[22m[2m │ map:    47.57 kB[22m
[2m../../../AppData/Local/Temp/chromatic--9032-aodT4KOd2yFV/[22m[36massets/Images-S2WTXNGG-ad7b8188.js                                          [39m[1m[2m 20.72 kB[22m[1m[22m[2m │ gzip:   4.41 kB[22m[2m │ map:    49.06 kB[22m
[2m../../../AppData/Local/Temp/chromatic--9032-aodT4KOd2yFV/[22m[36massets/preview-77efdf24.js                                                  [39m[1m[2m 21.08 kB[22m[1m[22m[2m │ gzip:   6.99 kB[22m[2m │ map:    68.22 kB[22m
[2m../../../AppData/Local/Temp/chromatic--9032-aodT4KOd2yFV/[22m[36massets/Button.stories-c2e62f08.js                                           [39m[1m[2m 22.86 kB[22m[1m[22m[2m │ gzip:   3.93 kB[22m[2m │ map:    15.77 kB[22m
[2m../../../AppData/Local/Temp/chromatic--9032-aodT4KOd2yFV/[22m[36massets/Communicate-7JXCND2Z-fbd0f5bd.js                                     [39m[1m[2m 25.15 kB[22m[1m[22m[2m │ gzip:   6.58 kB[22m[2m │ map:    52.60 kB[22m
[2m../../../AppData/Local/Temp/chromatic--9032-aodT4KOd2yFV/[22m[36massets/CRUD-I5EZL2FS-ede82af2.js                                            [39m[1m[2m 26.35 kB[22m[1m[22m[2m │ gzip:   5.92 kB[22m[2m │ map:    59.47 kB[22m
[2m../../../AppData/Local/Temp/chromatic--9032-aodT4KOd2yFV/[22m[36massets/OverlayScrollbars-OL4C4TVX-01656dfc.js                               [39m[1m[2m 28.95 kB[22m[1m[22m[2m │ gzip:  14.21 kB[22m[2m │ map:   107.68 kB[22m
[2m../../../AppData/Local/Temp/chromatic--9032-aodT4KOd2yFV/[22m[36massets/Color-6VNJS4EI-b966a7d3.js                                           [39m[1m[2m 31.17 kB[22m[1m[22m[2m │ gzip:  11.72 kB[22m[2m │ map:   112.79 kB[22m
[2m../../../AppData/Local/Temp/chromatic--9032-aodT4KOd2yFV/[22m[36massets/Icon-a22f3902.js                                                     [39m[1m[2m140.20 kB[22m[1m[22m[2m │ gzip:  51.45 kB[22m[2m │ map:   155.02 kB[22m
[2m../../../AppData/Local/Temp/chromatic--9032-aodT4KOd2yFV/[22m[36massets/index-444b1ed1.js                                                    [39m[1m[2m212.55 kB[22m[1m[22m[2m │ gzip:  66.45 kB[22m[2m │ map:   653.12 kB[22m
[2m../../../AppData/Local/Temp/chromatic--9032-aodT4KOd2yFV/[22m[36massets/Page.stories-6eee112a.js                                             [39m[1m[2m307.72 kB[22m[1m[22m[2m │ gzip:  77.18 kB[22m[2m │ map: 1,140.22 kB[22m
[2m../../../AppData/Local/Temp/chromatic--9032-aodT4KOd2yFV/[22m[36massets/config-70512512.js                                                   [39m[1m[2m322.62 kB[22m[1m[22m[2m │ gzip:  99.16 kB[22m[2m │ map: 1,156.43 kB[22m
[2m../../../AppData/Local/Temp/chromatic--9032-aodT4KOd2yFV/[22m[36massets/formatter-6736J7QO-28c76f80.js                                       [39m[1m[33m601.75 kB[39m[22m[2m │ gzip: 185.11 kB[22m[2m │ map: 1,314.27 kB[22m
[2m../../../AppData/Local/Temp/chromatic--9032-aodT4KOd2yFV/[22m[36massets/index-b4a021b2.js                                                    [39m[1m[33m646.96 kB[39m[22m[2m │ gzip: 198.05 kB[22m[2m │ map: 1,885.34 kB[22m
[33m
(!) Some chunks are larger than 500 kBs after minification. Consider:
- Using dynamic import() to code-split the application
- Use build.rollupOptions.output.manualChunks to improve chunking: https://rollupjs.org/configuration-options/#output-manualchunks
- Adjust chunk size limit for this warning via build.chunkSizeWarningLimit.[39m
[32m✓ built in 20.81s[39m
info => Output directory: C:\Users\johsve\AppData\Local\Temp\chromatic--9032-aodT4KOd2yFV
